# JRE version: Java(TM) SE Runtime Environment (8.0_92-b14) (build 1.8.0_92-b14)
# Java VM: Java HotSpot(TM) 64-Bit Server VM (25.92-b14 mixed mode windows-amd64 compressed oops)
Heap:
 PSYoungGen      total 39424K, used 25989K [0x00000000f0000000, 0x00000000f3d00000, 0x0000000100000000)
  eden space 37376K, 64% used [0x00000000f0000000,0x00000000f1769730,0x00000000f2480000)
  from space 2048K, 98% used [0x00000000f2f80000,0x00000000f3178050,0x00000000f3180000)
  to   space 11264K, 0% used [0x00000000f2480000,0x00000000f2480000,0x00000000f2f80000)
 ParOldGen       total 60416K, used 15862K [0x00000000d0000000, 0x00000000d3b00000, 0x00000000f0000000)
  object space 60416K, 26% used [0x00000000d0000000,0x00000000d0f7db08,0x00000000d3b00000)
 Metaspace       used 42369K, capacity 42694K, committed 43008K, reserved 1083392K
  class space    used 7969K, capacity 8067K, committed 8192K, reserved 1048576K
GC Heap History (10 events):
Event: 50.185 GC heap before
{Heap before GC invocations=10 (full 2):
 PSYoungGen      total 37888K, used 31744K [0x00000000f0000000, 0x00000000f2e00000, 0x0000000100000000)
  eden space 31744K, 100% used [0x00000000f0000000,0x00000000f1f00000,0x00000000f1f00000)
  from space 6144K, 0% used [0x00000000f1f80000,0x00000000f1f80000,0x00000000f2580000)
  to   space 7680K, 0% used [0x00000000f2680000,0x00000000f2680000,0x00000000f2e00000)
 ParOldGen       total 60416K, used 8828K [0x00000000d0000000, 0x00000000d3b00000, 0x00000000f0000000)
  object space 60416K, 14% used [0x00000000d0000000,0x00000000d089f288,0x00000000d3b00000)
 Metaspace       used 36415K, capacity 36674K, committed 36904K, reserved 1079296K
  class space    used 6623K, capacity 6700K, committed 6784K, reserved 1048576K
Event: 50.188 GC heap after
Heap after GC invocations=10 (full 2):
 PSYoungGen      total 38912K, used 1536K [0x00000000f0000000, 0x00000000f3e80000, 0x0000000100000000)
  eden space 31232K, 0% used [0x00000000f0000000,0x00000000f0000000,0x00000000f1e80000)
  from space 7680K, 20% used [0x00000000f2680000,0x00000000f2800000,0x00000000f2e00000)
  to   space 8192K, 0% used [0x00000000f1e80000,0x00000000f1e80000,0x00000000f2680000)
 ParOldGen       total 60416K, used 8836K [0x00000000d0000000, 0x00000000d3b00000, 0x00000000f0000000)
  object space 60416K, 14% used [0x00000000d0000000,0x00000000d08a1288,0x00000000d3b00000)
 Metaspace       used 36415K, capacity 36674K, committed 36904K, reserved 1079296K
  class space    used 6623K, capacity 6700K, committed 6784K, reserved 1048576K
}
Event: 52.192 GC heap before
{Heap before GC invocations=11 (full 2):
 PSYoungGen      total 38912K, used 32768K [0x00000000f0000000, 0x00000000f3e80000, 0x0000000100000000)
  eden space 31232K, 100% used [0x00000000f0000000,0x00000000f1e80000,0x00000000f1e80000)
  from space 7680K, 20% used [0x00000000f2680000,0x00000000f2800000,0x00000000f2e00000)
  to   space 8192K, 0% used [0x00000000f1e80000,0x00000000f1e80000,0x00000000f2680000)
 ParOldGen       total 60416K, used 8836K [0x00000000d0000000, 0x00000000d3b00000, 0x00000000f0000000)
  object space 60416K, 14% used [0x00000000d0000000,0x00000000d08a1288,0x00000000d3b00000)
 Metaspace       used 38162K, capacity 38434K, committed 38656K, reserved 1081344K
  class space    used 7061K, capacity 7116K, committed 7168K, reserved 1048576K
Event: 52.201 GC heap after
Heap after GC invocations=11 (full 2):
 PSYoungGen      total 39424K, used 2524K [0x00000000f0000000, 0x00000000f3880000, 0x0000000100000000)
  eden space 31232K, 0% used [0x00000000f0000000,0x00000000f0000000,0x00000000f1e80000)
  from space 8192K, 30% used [0x00000000f1e80000,0x00000000f20f7368,0x00000000f2680000)
  to   space 8704K, 0% used [0x00000000f3000000,0x00000000f3000000,0x00000000f3880000)
 ParOldGen       total 60416K, used 8844K [0x00000000d0000000, 0x00000000d3b00000, 0x00000000f0000000)
  object space 60416K, 14% used [0x00000000d0000000,0x00000000d08a3288,0x00000000d3b00000)
 Metaspace       used 38162K, capacity 38434K, committed 38656K, reserved 1081344K
  class space    used 7061K, capacity 7116K, committed 7168K, reserved 1048576K
}
Event: 61.169 GC heap before
{Heap before GC invocations=12 (full 2):
 PSYoungGen      total 39424K, used 33391K [0x00000000f0000000, 0x00000000f3880000, 0x0000000100000000)
  eden space 31232K, 98% used [0x00000000f0000000,0x00000000f1e24b90,0x00000000f1e80000)
  from space 8192K, 30% used [0x00000000f1e80000,0x00000000f20f7368,0x00000000f2680000)
  to   space 8704K, 0% used [0x00000000f3000000,0x00000000f3000000,0x00000000f3880000)
 ParOldGen       total 60416K, used 8844K [0x00000000d0000000, 0x00000000d3b00000, 0x00000000f0000000)
  object space 60416K, 14% used [0x00000000d0000000,0x00000000d08a3288,0x00000000d3b00000)
 Metaspace       used 38780K, capacity 39074K, committed 39296K, reserved 1081344K
  class space    used 7182K, capacity 7244K, committed 7296K, reserved 1048576K
Event: 61.181 GC heap after
Heap after GC invocations=12 (full 2):
 PSYoungGen      total 39424K, used 8459K [0x00000000f0000000, 0x00000000f3880000, 0x0000000100000000)
  eden space 30720K, 0% used [0x00000000f0000000,0x00000000f0000000,0x00000000f1e00000)
  from space 8704K, 97% used [0x00000000f3000000,0x00000000f3842e60,0x00000000f3880000)
  to   space 9216K, 0% used [0x00000000f2680000,0x00000000f2680000,0x00000000f2f80000)
 ParOldGen       total 60416K, used 8844K [0x00000000d0000000, 0x00000000d3b00000, 0x00000000f0000000)
  object space 60416K, 14% used [0x00000000d0000000,0x00000000d08a3288,0x00000000d3b00000)
 Metaspace       used 38780K, capacity 39074K, committed 39296K, reserved 1081344K
  class space    used 7182K, capacity 7244K, committed 7296K, reserved 1048576K
}
Event: 64.951 GC heap before
{Heap before GC invocations=13 (full 2):
 PSYoungGen      total 39424K, used 39179K [0x00000000f0000000, 0x00000000f3880000, 0x0000000100000000)
  eden space 30720K, 100% used [0x00000000f0000000,0x00000000f1e00000,0x00000000f1e00000)
  from space 8704K, 97% used [0x00000000f3000000,0x00000000f3842e60,0x00000000f3880000)
  to   space 9216K, 0% used [0x00000000f2680000,0x00000000f2680000,0x00000000f2f80000)
 ParOldGen       total 60416K, used 8844K [0x00000000d0000000, 0x00000000d3b00000, 0x00000000f0000000)
  object space 60416K, 14% used [0x00000000d0000000,0x00000000d08a3288,0x00000000d3b00000)
 Metaspace       used 41236K, capacity 41678K, committed 41984K, reserved 1083392K
  class space    used 7741K, capacity 7860K, committed 7936K, reserved 1048576K
Event: 64.971 GC heap after
Heap after GC invocations=13 (full 2):
 PSYoungGen      total 39424K, used 9207K [0x00000000f0000000, 0x00000000f3180000, 0x0000000100000000)
  eden space 30208K, 0% used [0x00000000f0000000,0x00000000f0000000,0x00000000f1d80000)
  from space 9216K, 99% used [0x00000000f2680000,0x00000000f2f7dd10,0x00000000f2f80000)
  to   space 2048K, 0% used [0x00000000f2f80000,0x00000000f2f80000,0x00000000f3180000)
 ParOldGen       total 60416K, used 8961K [0x00000000d0000000, 0x00000000d3b00000, 0x00000000f0000000)
  object space 60416K, 14% used [0x00000000d0000000,0x00000000d08c0568,0x00000000d3b00000)
 Metaspace       used 41236K, capacity 41678K, committed 41984K, reserved 1083392K
  class space    used 7741K, capacity 7860K, committed 7936K, reserved 1048576K
}
Event: 65.835 GC heap before
{Heap before GC invocations=14 (full 2):
 PSYoungGen      total 39424K, used 39415K [0x00000000f0000000, 0x00000000f3180000, 0x0000000100000000)
  eden space 30208K, 100% used [0x00000000f0000000,0x00000000f1d80000,0x00000000f1d80000)
  from space 9216K, 99% used [0x00000000f2680000,0x00000000f2f7dd10,0x00000000f2f80000)
  to   space 2048K, 0% used [0x00000000f2f80000,0x00000000f2f80000,0x00000000f3180000)
 ParOldGen       total 60416K, used 8961K [0x00000000d0000000, 0x00000000d3b00000, 0x00000000f0000000)
  object space 60416K, 14% used [0x00000000d0000000,0x00000000d08c0568,0x00000000d3b00000)
 Metaspace       used 41657K, capacity 42030K, committed 42240K, reserved 1083392K
  class space    used 7778K, capacity 7892K, committed 7936K, reserved 1048576K
Event: 65.846 GC heap after
Heap after GC invocations=14 (full 2):
 PSYoungGen      total 39424K, used 2016K [0x00000000f0000000, 0x00000000f3d00000, 0x0000000100000000)
  eden space 37376K, 0% used [0x00000000f0000000,0x00000000f0000000,0x00000000f2480000)
  from space 2048K, 98% used [0x00000000f2f80000,0x00000000f3178050,0x00000000f3180000)
  to   space 11264K, 0% used [0x00000000f2480000,0x00000000f2480000,0x00000000f2f80000)
 ParOldGen       total 60416K, used 15862K [0x00000000d0000000, 0x00000000d3b00000, 0x00000000f0000000)
  object space 60416K, 26% used [0x00000000d0000000,0x00000000d0f7db08,0x00000000d3b00000)
 Metaspace       used 41657K, capacity 42030K, committed 42240K, reserved 1083392K
  class space    used 7778K, capacity 7892K, committed 7936K, reserved 1048576K
}

